<?xml version="1.0" encoding="UTF-8"?>
<testsuite xmlns:xsi="http://www.w3.org/2001/XMLSchema-instance" xsi:noNamespaceSchemaLocation="https://maven.apache.org/surefire/maven-surefire-plugin/xsd/surefire-test-report.xsd" name="cuifua.VueBootApplicationTests" time="15.141" tests="1" errors="0" skipped="0" failures="0">
  <properties>
    <property name="sun.desktop" value="windows"/>
    <property name="awt.toolkit" value="sun.awt.windows.WToolkit"/>
    <property name="java.specification.version" value="11"/>
    <property name="sun.cpu.isalist" value="amd64"/>
    <property name="sun.jnu.encoding" value="GBK"/>
    <property name="java.class.path" value="D:\1-GoalMenu\03_JAVA\02_Code\08_MyProject\02_Projects\05_VueBoot\05_VueBoot\target\test-classes;D:\1-GoalMenu\03_JAVA\02_Code\08_MyProject\02_Projects\05_VueBoot\05_VueBoot\target\classes;D:\1-GoalMenu\03_JAVA\03_Tools\Maven\maven_work\localRepository\org\springframework\boot\spring-boot-starter-data-jpa\2.5.2\spring-boot-starter-data-jpa-2.5.2.jar;D:\1-GoalMenu\03_JAVA\03_Tools\Maven\maven_work\localRepository\org\springframework\boot\spring-boot-starter-aop\2.5.2\spring-boot-starter-aop-2.5.2.jar;D:\1-GoalMenu\03_JAVA\03_Tools\Maven\maven_work\localRepository\org\springframework\spring-aop\5.3.8\spring-aop-5.3.8.jar;D:\1-GoalMenu\03_JAVA\03_Tools\Maven\maven_work\localRepository\org\aspectj\aspectjweaver\1.9.6\aspectjweaver-1.9.6.jar;D:\1-GoalMenu\03_JAVA\03_Tools\Maven\maven_work\localRepository\org\springframework\boot\spring-boot-starter-jdbc\2.5.2\spring-boot-starter-jdbc-2.5.2.jar;D:\1-GoalMenu\03_JAVA\03_Tools\Maven\maven_work\localRepository\com\zaxxer\HikariCP\4.0.3\HikariCP-4.0.3.jar;D:\1-GoalMenu\03_JAVA\03_Tools\Maven\maven_work\localRepository\org\springframework\spring-jdbc\5.3.8\spring-jdbc-5.3.8.jar;D:\1-GoalMenu\03_JAVA\03_Tools\Maven\maven_work\localRepository\jakarta\transaction\jakarta.transaction-api\1.3.3\jakarta.transaction-api-1.3.3.jar;D:\1-GoalMenu\03_JAVA\03_Tools\Maven\maven_work\localRepository\jakarta\persistence\jakarta.persistence-api\2.2.3\jakarta.persistence-api-2.2.3.jar;D:\1-GoalMenu\03_JAVA\03_Tools\Maven\maven_work\localRepository\org\hibernate\hibernate-core\5.4.32.Final\hibernate-core-5.4.32.Final.jar;D:\1-GoalMenu\03_JAVA\03_Tools\Maven\maven_work\localRepository\org\jboss\logging\jboss-logging\3.4.2.Final\jboss-logging-3.4.2.Final.jar;D:\1-GoalMenu\03_JAVA\03_Tools\Maven\maven_work\localRepository\org\javassist\javassist\3.27.0-GA\javassist-3.27.0-GA.jar;D:\1-GoalMenu\03_JAVA\03_Tools\Maven\maven_work\localRepository\net\bytebuddy\byte-buddy\1.10.22\byte-buddy-1.10.22.jar;D:\1-GoalMenu\03_JAVA\03_Tools\Maven\maven_work\localRepository\antlr\antlr\2.7.7\antlr-2.7.7.jar;D:\1-GoalMenu\03_JAVA\03_Tools\Maven\maven_work\localRepository\org\jboss\jandex\2.2.3.Final\jandex-2.2.3.Final.jar;D:\1-GoalMenu\03_JAVA\03_Tools\Maven\maven_work\localRepository\com\fasterxml\classmate\1.5.1\classmate-1.5.1.jar;D:\1-GoalMenu\03_JAVA\03_Tools\Maven\maven_work\localRepository\org\dom4j\dom4j\2.1.3\dom4j-2.1.3.jar;D:\1-GoalMenu\03_JAVA\03_Tools\Maven\maven_work\localRepository\org\hibernate\common\hibernate-commons-annotations\5.1.2.Final\hibernate-commons-annotations-5.1.2.Final.jar;D:\1-GoalMenu\03_JAVA\03_Tools\Maven\maven_work\localRepository\org\glassfish\jaxb\jaxb-runtime\2.3.4\jaxb-runtime-2.3.4.jar;D:\1-GoalMenu\03_JAVA\03_Tools\Maven\maven_work\localRepository\org\glassfish\jaxb\txw2\2.3.4\txw2-2.3.4.jar;D:\1-GoalMenu\03_JAVA\03_Tools\Maven\maven_work\localRepository\com\sun\istack\istack-commons-runtime\3.0.12\istack-commons-runtime-3.0.12.jar;D:\1-GoalMenu\03_JAVA\03_Tools\Maven\maven_work\localRepository\com\sun\activation\jakarta.activation\1.2.2\jakarta.activation-1.2.2.jar;D:\1-GoalMenu\03_JAVA\03_Tools\Maven\maven_work\localRepository\org\springframework\data\spring-data-jpa\2.5.2\spring-data-jpa-2.5.2.jar;D:\1-GoalMenu\03_JAVA\03_Tools\Maven\maven_work\localRepository\org\springframework\data\spring-data-commons\2.5.2\spring-data-commons-2.5.2.jar;D:\1-GoalMenu\03_JAVA\03_Tools\Maven\maven_work\localRepository\org\springframework\spring-orm\5.3.8\spring-orm-5.3.8.jar;D:\1-GoalMenu\03_JAVA\03_Tools\Maven\maven_work\localRepository\org\springframework\spring-context\5.3.8\spring-context-5.3.8.jar;D:\1-GoalMenu\03_JAVA\03_Tools\Maven\maven_work\localRepository\org\springframework\spring-tx\5.3.8\spring-tx-5.3.8.jar;D:\1-GoalMenu\03_JAVA\03_Tools\Maven\maven_work\localRepository\org\springframework\spring-beans\5.3.8\spring-beans-5.3.8.jar;D:\1-GoalMenu\03_JAVA\03_Tools\Maven\maven_work\localRepository\org\slf4j\slf4j-api\1.7.31\slf4j-api-1.7.31.jar;D:\1-GoalMenu\03_JAVA\03_Tools\Maven\maven_work\localRepository\org\springframework\spring-aspects\5.3.8\spring-aspects-5.3.8.jar;D:\1-GoalMenu\03_JAVA\03_Tools\Maven\maven_work\localRepository\org\springframework\boot\spring-boot-starter-web\2.5.2\spring-boot-starter-web-2.5.2.jar;D:\1-GoalMenu\03_JAVA\03_Tools\Maven\maven_work\localRepository\org\springframework\boot\spring-boot-starter\2.5.2\spring-boot-starter-2.5.2.jar;D:\1-GoalMenu\03_JAVA\03_Tools\Maven\maven_work\localRepository\org\springframework\boot\spring-boot\2.5.2\spring-boot-2.5.2.jar;D:\1-GoalMenu\03_JAVA\03_Tools\Maven\maven_work\localRepository\org\springframework\boot\spring-boot-autoconfigure\2.5.2\spring-boot-autoconfigure-2.5.2.jar;D:\1-GoalMenu\03_JAVA\03_Tools\Maven\maven_work\localRepository\org\springframework\boot\spring-boot-starter-logging\2.5.2\spring-boot-starter-logging-2.5.2.jar;D:\1-GoalMenu\03_JAVA\03_Tools\Maven\maven_work\localRepository\ch\qos\logback\logback-classic\1.2.3\logback-classic-1.2.3.jar;D:\1-GoalMenu\03_JAVA\03_Tools\Maven\maven_work\localRepository\ch\qos\logback\logback-core\1.2.3\logback-core-1.2.3.jar;D:\1-GoalMenu\03_JAVA\03_Tools\Maven\maven_work\localRepository\org\apache\logging\log4j\log4j-to-slf4j\2.14.1\log4j-to-slf4j-2.14.1.jar;D:\1-GoalMenu\03_JAVA\03_Tools\Maven\maven_work\localRepository\org\apache\logging\log4j\log4j-api\2.14.1\log4j-api-2.14.1.jar;D:\1-GoalMenu\03_JAVA\03_Tools\Maven\maven_work\localRepository\org\slf4j\jul-to-slf4j\1.7.31\jul-to-slf4j-1.7.31.jar;D:\1-GoalMenu\03_JAVA\03_Tools\Maven\maven_work\localRepository\jakarta\annotation\jakarta.annotation-api\1.3.5\jakarta.annotation-api-1.3.5.jar;D:\1-GoalMenu\03_JAVA\03_Tools\Maven\maven_work\localRepository\org\yaml\snakeyaml\1.28\snakeyaml-1.28.jar;D:\1-GoalMenu\03_JAVA\03_Tools\Maven\maven_work\localRepository\org\springframework\boot\spring-boot-starter-json\2.5.2\spring-boot-starter-json-2.5.2.jar;D:\1-GoalMenu\03_JAVA\03_Tools\Maven\maven_work\localRepository\com\fasterxml\jackson\core\jackson-databind\2.12.3\jackson-databind-2.12.3.jar;D:\1-GoalMenu\03_JAVA\03_Tools\Maven\maven_work\localRepository\com\fasterxml\jackson\core\jackson-annotations\2.12.3\jackson-annotations-2.12.3.jar;D:\1-GoalMenu\03_JAVA\03_Tools\Maven\maven_work\localRepository\com\fasterxml\jackson\core\jackson-core\2.12.3\jackson-core-2.12.3.jar;D:\1-GoalMenu\03_JAVA\03_Tools\Maven\maven_work\localRepository\com\fasterxml\jackson\datatype\jackson-datatype-jdk8\2.12.3\jackson-datatype-jdk8-2.12.3.jar;D:\1-GoalMenu\03_JAVA\03_Tools\Maven\maven_work\localRepository\com\fasterxml\jackson\datatype\jackson-datatype-jsr310\2.12.3\jackson-datatype-jsr310-2.12.3.jar;D:\1-GoalMenu\03_JAVA\03_Tools\Maven\maven_work\localRepository\com\fasterxml\jackson\module\jackson-module-parameter-names\2.12.3\jackson-module-parameter-names-2.12.3.jar;D:\1-GoalMenu\03_JAVA\03_Tools\Maven\maven_work\localRepository\org\springframework\boot\spring-boot-starter-tomcat\2.5.2\spring-boot-starter-tomcat-2.5.2.jar;D:\1-GoalMenu\03_JAVA\03_Tools\Maven\maven_work\localRepository\org\apache\tomcat\embed\tomcat-embed-core\9.0.48\tomcat-embed-core-9.0.48.jar;D:\1-GoalMenu\03_JAVA\03_Tools\Maven\maven_work\localRepository\org\apache\tomcat\embed\tomcat-embed-el\9.0.48\tomcat-embed-el-9.0.48.jar;D:\1-GoalMenu\03_JAVA\03_Tools\Maven\maven_work\localRepository\org\apache\tomcat\embed\tomcat-embed-websocket\9.0.48\tomcat-embed-websocket-9.0.48.jar;D:\1-GoalMenu\03_JAVA\03_Tools\Maven\maven_work\localRepository\org\springframework\spring-web\5.3.8\spring-web-5.3.8.jar;D:\1-GoalMenu\03_JAVA\03_Tools\Maven\maven_work\localRepository\org\springframework\spring-webmvc\5.3.8\spring-webmvc-5.3.8.jar;D:\1-GoalMenu\03_JAVA\03_Tools\Maven\maven_work\localRepository\org\springframework\spring-expression\5.3.8\spring-expression-5.3.8.jar;D:\1-GoalMenu\03_JAVA\03_Tools\Maven\maven_work\localRepository\mysql\mysql-connector-java\8.0.25\mysql-connector-java-8.0.25.jar;D:\1-GoalMenu\03_JAVA\03_Tools\Maven\maven_work\localRepository\org\projectlombok\lombok\1.18.20\lombok-1.18.20.jar;D:\1-GoalMenu\03_JAVA\03_Tools\Maven\maven_work\localRepository\org\springframework\boot\spring-boot-starter-test\2.5.2\spring-boot-starter-test-2.5.2.jar;D:\1-GoalMenu\03_JAVA\03_Tools\Maven\maven_work\localRepository\org\springframework\boot\spring-boot-test\2.5.2\spring-boot-test-2.5.2.jar;D:\1-GoalMenu\03_JAVA\03_Tools\Maven\maven_work\localRepository\org\springframework\boot\spring-boot-test-autoconfigure\2.5.2\spring-boot-test-autoconfigure-2.5.2.jar;D:\1-GoalMenu\03_JAVA\03_Tools\Maven\maven_work\localRepository\com\jayway\jsonpath\json-path\2.5.0\json-path-2.5.0.jar;D:\1-GoalMenu\03_JAVA\03_Tools\Maven\maven_work\localRepository\net\minidev\json-smart\2.4.7\json-smart-2.4.7.jar;D:\1-GoalMenu\03_JAVA\03_Tools\Maven\maven_work\localRepository\net\minidev\accessors-smart\2.4.7\accessors-smart-2.4.7.jar;D:\1-GoalMenu\03_JAVA\03_Tools\Maven\maven_work\localRepository\org\ow2\asm\asm\9.1\asm-9.1.jar;D:\1-GoalMenu\03_JAVA\03_Tools\Maven\maven_work\localRepository\jakarta\xml\bind\jakarta.xml.bind-api\2.3.3\jakarta.xml.bind-api-2.3.3.jar;D:\1-GoalMenu\03_JAVA\03_Tools\Maven\maven_work\localRepository\jakarta\activation\jakarta.activation-api\1.2.2\jakarta.activation-api-1.2.2.jar;D:\1-GoalMenu\03_JAVA\03_Tools\Maven\maven_work\localRepository\org\assertj\assertj-core\3.19.0\assertj-core-3.19.0.jar;D:\1-GoalMenu\03_JAVA\03_Tools\Maven\maven_work\localRepository\org\hamcrest\hamcrest\2.2\hamcrest-2.2.jar;D:\1-GoalMenu\03_JAVA\03_Tools\Maven\maven_work\localRepository\org\junit\jupiter\junit-jupiter\5.7.2\junit-jupiter-5.7.2.jar;D:\1-GoalMenu\03_JAVA\03_Tools\Maven\maven_work\localRepository\org\junit\jupiter\junit-jupiter-api\5.7.2\junit-jupiter-api-5.7.2.jar;D:\1-GoalMenu\03_JAVA\03_Tools\Maven\maven_work\localRepository\org\apiguardian\apiguardian-api\1.1.0\apiguardian-api-1.1.0.jar;D:\1-GoalMenu\03_JAVA\03_Tools\Maven\maven_work\localRepository\org\opentest4j\opentest4j\1.2.0\opentest4j-1.2.0.jar;D:\1-GoalMenu\03_JAVA\03_Tools\Maven\maven_work\localRepository\org\junit\platform\junit-platform-commons\1.7.2\junit-platform-commons-1.7.2.jar;D:\1-GoalMenu\03_JAVA\03_Tools\Maven\maven_work\localRepository\org\junit\jupiter\junit-jupiter-params\5.7.2\junit-jupiter-params-5.7.2.jar;D:\1-GoalMenu\03_JAVA\03_Tools\Maven\maven_work\localRepository\org\junit\jupiter\junit-jupiter-engine\5.7.2\junit-jupiter-engine-5.7.2.jar;D:\1-GoalMenu\03_JAVA\03_Tools\Maven\maven_work\localRepository\org\junit\platform\junit-platform-engine\1.7.2\junit-platform-engine-1.7.2.jar;D:\1-GoalMenu\03_JAVA\03_Tools\Maven\maven_work\localRepository\org\mockito\mockito-core\3.9.0\mockito-core-3.9.0.jar;D:\1-GoalMenu\03_JAVA\03_Tools\Maven\maven_work\localRepository\net\bytebuddy\byte-buddy-agent\1.10.22\byte-buddy-agent-1.10.22.jar;D:\1-GoalMenu\03_JAVA\03_Tools\Maven\maven_work\localRepository\org\objenesis\objenesis\3.2\objenesis-3.2.jar;D:\1-GoalMenu\03_JAVA\03_Tools\Maven\maven_work\localRepository\org\mockito\mockito-junit-jupiter\3.9.0\mockito-junit-jupiter-3.9.0.jar;D:\1-GoalMenu\03_JAVA\03_Tools\Maven\maven_work\localRepository\org\skyscreamer\jsonassert\1.5.0\jsonassert-1.5.0.jar;D:\1-GoalMenu\03_JAVA\03_Tools\Maven\maven_work\localRepository\com\vaadin\external\google\android-json\0.0.20131108.vaadin1\android-json-0.0.20131108.vaadin1.jar;D:\1-GoalMenu\03_JAVA\03_Tools\Maven\maven_work\localRepository\org\springframework\spring-core\5.3.8\spring-core-5.3.8.jar;D:\1-GoalMenu\03_JAVA\03_Tools\Maven\maven_work\localRepository\org\springframework\spring-jcl\5.3.8\spring-jcl-5.3.8.jar;D:\1-GoalMenu\03_JAVA\03_Tools\Maven\maven_work\localRepository\org\springframework\spring-test\5.3.8\spring-test-5.3.8.jar;D:\1-GoalMenu\03_JAVA\03_Tools\Maven\maven_work\localRepository\org\xmlunit\xmlunit-core\2.8.2\xmlunit-core-2.8.2.jar;"/>
    <property name="java.vm.vendor" value="Oracle Corporation"/>
    <property name="sun.arch.data.model" value="64"/>
    <property name="user.variant" value=""/>
    <property name="java.vendor.url" value="http://java.oracle.com/"/>
    <property name="user.timezone" value="Asia/Shanghai"/>
    <property name="java.vm.specification.version" value="11"/>
    <property name="os.name" value="Windows 10"/>
    <property name="sun.java.launcher" value="SUN_STANDARD"/>
    <property name="user.country" value="CN"/>
    <property name="sun.boot.library.path" value="D:\1-GoalMenu\03_JAVA\03_Tools\JDK11\bin"/>
    <property name="sun.java.command" value="C:\Users\86138\AppData\Local\Temp\surefire3410673976314021605\surefirebooter8905668849849758240.jar C:\Users\86138\AppData\Local\Temp\surefire3410673976314021605 2021-07-02T20-29-57_997-jvmRun1 surefire4001844553321602306tmp surefire_02902946199380917835tmp"/>
    <property name="jdk.debug" value="release"/>
    <property name="surefire.test.class.path" value="D:\1-GoalMenu\03_JAVA\02_Code\08_MyProject\02_Projects\05_VueBoot\05_VueBoot\target\test-classes;D:\1-GoalMenu\03_JAVA\02_Code\08_MyProject\02_Projects\05_VueBoot\05_VueBoot\target\classes;D:\1-GoalMenu\03_JAVA\03_Tools\Maven\maven_work\localRepository\org\springframework\boot\spring-boot-starter-data-jpa\2.5.2\spring-boot-starter-data-jpa-2.5.2.jar;D:\1-GoalMenu\03_JAVA\03_Tools\Maven\maven_work\localRepository\org\springframework\boot\spring-boot-starter-aop\2.5.2\spring-boot-starter-aop-2.5.2.jar;D:\1-GoalMenu\03_JAVA\03_Tools\Maven\maven_work\localRepository\org\springframework\spring-aop\5.3.8\spring-aop-5.3.8.jar;D:\1-GoalMenu\03_JAVA\03_Tools\Maven\maven_work\localRepository\org\aspectj\aspectjweaver\1.9.6\aspectjweaver-1.9.6.jar;D:\1-GoalMenu\03_JAVA\03_Tools\Maven\maven_work\localRepository\org\springframework\boot\spring-boot-starter-jdbc\2.5.2\spring-boot-starter-jdbc-2.5.2.jar;D:\1-GoalMenu\03_JAVA\03_Tools\Maven\maven_work\localRepository\com\zaxxer\HikariCP\4.0.3\HikariCP-4.0.3.jar;D:\1-GoalMenu\03_JAVA\03_Tools\Maven\maven_work\localRepository\org\springframework\spring-jdbc\5.3.8\spring-jdbc-5.3.8.jar;D:\1-GoalMenu\03_JAVA\03_Tools\Maven\maven_work\localRepository\jakarta\transaction\jakarta.transaction-api\1.3.3\jakarta.transaction-api-1.3.3.jar;D:\1-GoalMenu\03_JAVA\03_Tools\Maven\maven_work\localRepository\jakarta\persistence\jakarta.persistence-api\2.2.3\jakarta.persistence-api-2.2.3.jar;D:\1-GoalMenu\03_JAVA\03_Tools\Maven\maven_work\localRepository\org\hibernate\hibernate-core\5.4.32.Final\hibernate-core-5.4.32.Final.jar;D:\1-GoalMenu\03_JAVA\03_Tools\Maven\maven_work\localRepository\org\jboss\logging\jboss-logging\3.4.2.Final\jboss-logging-3.4.2.Final.jar;D:\1-GoalMenu\03_JAVA\03_Tools\Maven\maven_work\localRepository\org\javassist\javassist\3.27.0-GA\javassist-3.27.0-GA.jar;D:\1-GoalMenu\03_JAVA\03_Tools\Maven\maven_work\localRepository\net\bytebuddy\byte-buddy\1.10.22\byte-buddy-1.10.22.jar;D:\1-GoalMenu\03_JAVA\03_Tools\Maven\maven_work\localRepository\antlr\antlr\2.7.7\antlr-2.7.7.jar;D:\1-GoalMenu\03_JAVA\03_Tools\Maven\maven_work\localRepository\org\jboss\jandex\2.2.3.Final\jandex-2.2.3.Final.jar;D:\1-GoalMenu\03_JAVA\03_Tools\Maven\maven_work\localRepository\com\fasterxml\classmate\1.5.1\classmate-1.5.1.jar;D:\1-GoalMenu\03_JAVA\03_Tools\Maven\maven_work\localRepository\org\dom4j\dom4j\2.1.3\dom4j-2.1.3.jar;D:\1-GoalMenu\03_JAVA\03_Tools\Maven\maven_work\localRepository\org\hibernate\common\hibernate-commons-annotations\5.1.2.Final\hibernate-commons-annotations-5.1.2.Final.jar;D:\1-GoalMenu\03_JAVA\03_Tools\Maven\maven_work\localRepository\org\glassfish\jaxb\jaxb-runtime\2.3.4\jaxb-runtime-2.3.4.jar;D:\1-GoalMenu\03_JAVA\03_Tools\Maven\maven_work\localRepository\org\glassfish\jaxb\txw2\2.3.4\txw2-2.3.4.jar;D:\1-GoalMenu\03_JAVA\03_Tools\Maven\maven_work\localRepository\com\sun\istack\istack-commons-runtime\3.0.12\istack-commons-runtime-3.0.12.jar;D:\1-GoalMenu\03_JAVA\03_Tools\Maven\maven_work\localRepository\com\sun\activation\jakarta.activation\1.2.2\jakarta.activation-1.2.2.jar;D:\1-GoalMenu\03_JAVA\03_Tools\Maven\maven_work\localRepository\org\springframework\data\spring-data-jpa\2.5.2\spring-data-jpa-2.5.2.jar;D:\1-GoalMenu\03_JAVA\03_Tools\Maven\maven_work\localRepository\org\springframework\data\spring-data-commons\2.5.2\spring-data-commons-2.5.2.jar;D:\1-GoalMenu\03_JAVA\03_Tools\Maven\maven_work\localRepository\org\springframework\spring-orm\5.3.8\spring-orm-5.3.8.jar;D:\1-GoalMenu\03_JAVA\03_Tools\Maven\maven_work\localRepository\org\springframework\spring-context\5.3.8\spring-context-5.3.8.jar;D:\1-GoalMenu\03_JAVA\03_Tools\Maven\maven_work\localRepository\org\springframework\spring-tx\5.3.8\spring-tx-5.3.8.jar;D:\1-GoalMenu\03_JAVA\03_Tools\Maven\maven_work\localRepository\org\springframework\spring-beans\5.3.8\spring-beans-5.3.8.jar;D:\1-GoalMenu\03_JAVA\03_Tools\Maven\maven_work\localRepository\org\slf4j\slf4j-api\1.7.31\slf4j-api-1.7.31.jar;D:\1-GoalMenu\03_JAVA\03_Tools\Maven\maven_work\localRepository\org\springframework\spring-aspects\5.3.8\spring-aspects-5.3.8.jar;D:\1-GoalMenu\03_JAVA\03_Tools\Maven\maven_work\localRepository\org\springframework\boot\spring-boot-starter-web\2.5.2\spring-boot-starter-web-2.5.2.jar;D:\1-GoalMenu\03_JAVA\03_Tools\Maven\maven_work\localRepository\org\springframework\boot\spring-boot-starter\2.5.2\spring-boot-starter-2.5.2.jar;D:\1-GoalMenu\03_JAVA\03_Tools\Maven\maven_work\localRepository\org\springframework\boot\spring-boot\2.5.2\spring-boot-2.5.2.jar;D:\1-GoalMenu\03_JAVA\03_Tools\Maven\maven_work\localRepository\org\springframework\boot\spring-boot-autoconfigure\2.5.2\spring-boot-autoconfigure-2.5.2.jar;D:\1-GoalMenu\03_JAVA\03_Tools\Maven\maven_work\localRepository\org\springframework\boot\spring-boot-starter-logging\2.5.2\spring-boot-starter-logging-2.5.2.jar;D:\1-GoalMenu\03_JAVA\03_Tools\Maven\maven_work\localRepository\ch\qos\logback\logback-classic\1.2.3\logback-classic-1.2.3.jar;D:\1-GoalMenu\03_JAVA\03_Tools\Maven\maven_work\localRepository\ch\qos\logback\logback-core\1.2.3\logback-core-1.2.3.jar;D:\1-GoalMenu\03_JAVA\03_Tools\Maven\maven_work\localRepository\org\apache\logging\log4j\log4j-to-slf4j\2.14.1\log4j-to-slf4j-2.14.1.jar;D:\1-GoalMenu\03_JAVA\03_Tools\Maven\maven_work\localRepository\org\apache\logging\log4j\log4j-api\2.14.1\log4j-api-2.14.1.jar;D:\1-GoalMenu\03_JAVA\03_Tools\Maven\maven_work\localRepository\org\slf4j\jul-to-slf4j\1.7.31\jul-to-slf4j-1.7.31.jar;D:\1-GoalMenu\03_JAVA\03_Tools\Maven\maven_work\localRepository\jakarta\annotation\jakarta.annotation-api\1.3.5\jakarta.annotation-api-1.3.5.jar;D:\1-GoalMenu\03_JAVA\03_Tools\Maven\maven_work\localRepository\org\yaml\snakeyaml\1.28\snakeyaml-1.28.jar;D:\1-GoalMenu\03_JAVA\03_Tools\Maven\maven_work\localRepository\org\springframework\boot\spring-boot-starter-json\2.5.2\spring-boot-starter-json-2.5.2.jar;D:\1-GoalMenu\03_JAVA\03_Tools\Maven\maven_work\localRepository\com\fasterxml\jackson\core\jackson-databind\2.12.3\jackson-databind-2.12.3.jar;D:\1-GoalMenu\03_JAVA\03_Tools\Maven\maven_work\localRepository\com\fasterxml\jackson\core\jackson-annotations\2.12.3\jackson-annotations-2.12.3.jar;D:\1-GoalMenu\03_JAVA\03_Tools\Maven\maven_work\localRepository\com\fasterxml\jackson\core\jackson-core\2.12.3\jackson-core-2.12.3.jar;D:\1-GoalMenu\03_JAVA\03_Tools\Maven\maven_work\localRepository\com\fasterxml\jackson\datatype\jackson-datatype-jdk8\2.12.3\jackson-datatype-jdk8-2.12.3.jar;D:\1-GoalMenu\03_JAVA\03_Tools\Maven\maven_work\localRepository\com\fasterxml\jackson\datatype\jackson-datatype-jsr310\2.12.3\jackson-datatype-jsr310-2.12.3.jar;D:\1-GoalMenu\03_JAVA\03_Tools\Maven\maven_work\localRepository\com\fasterxml\jackson\module\jackson-module-parameter-names\2.12.3\jackson-module-parameter-names-2.12.3.jar;D:\1-GoalMenu\03_JAVA\03_Tools\Maven\maven_work\localRepository\org\springframework\boot\spring-boot-starter-tomcat\2.5.2\spring-boot-starter-tomcat-2.5.2.jar;D:\1-GoalMenu\03_JAVA\03_Tools\Maven\maven_work\localRepository\org\apache\tomcat\embed\tomcat-embed-core\9.0.48\tomcat-embed-core-9.0.48.jar;D:\1-GoalMenu\03_JAVA\03_Tools\Maven\maven_work\localRepository\org\apache\tomcat\embed\tomcat-embed-el\9.0.48\tomcat-embed-el-9.0.48.jar;D:\1-GoalMenu\03_JAVA\03_Tools\Maven\maven_work\localRepository\org\apache\tomcat\embed\tomcat-embed-websocket\9.0.48\tomcat-embed-websocket-9.0.48.jar;D:\1-GoalMenu\03_JAVA\03_Tools\Maven\maven_work\localRepository\org\springframework\spring-web\5.3.8\spring-web-5.3.8.jar;D:\1-GoalMenu\03_JAVA\03_Tools\Maven\maven_work\localRepository\org\springframework\spring-webmvc\5.3.8\spring-webmvc-5.3.8.jar;D:\1-GoalMenu\03_JAVA\03_Tools\Maven\maven_work\localRepository\org\springframework\spring-expression\5.3.8\spring-expression-5.3.8.jar;D:\1-GoalMenu\03_JAVA\03_Tools\Maven\maven_work\localRepository\mysql\mysql-connector-java\8.0.25\mysql-connector-java-8.0.25.jar;D:\1-GoalMenu\03_JAVA\03_Tools\Maven\maven_work\localRepository\org\projectlombok\lombok\1.18.20\lombok-1.18.20.jar;D:\1-GoalMenu\03_JAVA\03_Tools\Maven\maven_work\localRepository\org\springframework\boot\spring-boot-starter-test\2.5.2\spring-boot-starter-test-2.5.2.jar;D:\1-GoalMenu\03_JAVA\03_Tools\Maven\maven_work\localRepository\org\springframework\boot\spring-boot-test\2.5.2\spring-boot-test-2.5.2.jar;D:\1-GoalMenu\03_JAVA\03_Tools\Maven\maven_work\localRepository\org\springframework\boot\spring-boot-test-autoconfigure\2.5.2\spring-boot-test-autoconfigure-2.5.2.jar;D:\1-GoalMenu\03_JAVA\03_Tools\Maven\maven_work\localRepository\com\jayway\jsonpath\json-path\2.5.0\json-path-2.5.0.jar;D:\1-GoalMenu\03_JAVA\03_Tools\Maven\maven_work\localRepository\net\minidev\json-smart\2.4.7\json-smart-2.4.7.jar;D:\1-GoalMenu\03_JAVA\03_Tools\Maven\maven_work\localRepository\net\minidev\accessors-smart\2.4.7\accessors-smart-2.4.7.jar;D:\1-GoalMenu\03_JAVA\03_Tools\Maven\maven_work\localRepository\org\ow2\asm\asm\9.1\asm-9.1.jar;D:\1-GoalMenu\03_JAVA\03_Tools\Maven\maven_work\localRepository\jakarta\xml\bind\jakarta.xml.bind-api\2.3.3\jakarta.xml.bind-api-2.3.3.jar;D:\1-GoalMenu\03_JAVA\03_Tools\Maven\maven_work\localRepository\jakarta\activation\jakarta.activation-api\1.2.2\jakarta.activation-api-1.2.2.jar;D:\1-GoalMenu\03_JAVA\03_Tools\Maven\maven_work\localRepository\org\assertj\assertj-core\3.19.0\assertj-core-3.19.0.jar;D:\1-GoalMenu\03_JAVA\03_Tools\Maven\maven_work\localRepository\org\hamcrest\hamcrest\2.2\hamcrest-2.2.jar;D:\1-GoalMenu\03_JAVA\03_Tools\Maven\maven_work\localRepository\org\junit\jupiter\junit-jupiter\5.7.2\junit-jupiter-5.7.2.jar;D:\1-GoalMenu\03_JAVA\03_Tools\Maven\maven_work\localRepository\org\junit\jupiter\junit-jupiter-api\5.7.2\junit-jupiter-api-5.7.2.jar;D:\1-GoalMenu\03_JAVA\03_Tools\Maven\maven_work\localRepository\org\apiguardian\apiguardian-api\1.1.0\apiguardian-api-1.1.0.jar;D:\1-GoalMenu\03_JAVA\03_Tools\Maven\maven_work\localRepository\org\opentest4j\opentest4j\1.2.0\opentest4j-1.2.0.jar;D:\1-GoalMenu\03_JAVA\03_Tools\Maven\maven_work\localRepository\org\junit\platform\junit-platform-commons\1.7.2\junit-platform-commons-1.7.2.jar;D:\1-GoalMenu\03_JAVA\03_Tools\Maven\maven_work\localRepository\org\junit\jupiter\junit-jupiter-params\5.7.2\junit-jupiter-params-5.7.2.jar;D:\1-GoalMenu\03_JAVA\03_Tools\Maven\maven_work\localRepository\org\junit\jupiter\junit-jupiter-engine\5.7.2\junit-jupiter-engine-5.7.2.jar;D:\1-GoalMenu\03_JAVA\03_Tools\Maven\maven_work\localRepository\org\junit\platform\junit-platform-engine\1.7.2\junit-platform-engine-1.7.2.jar;D:\1-GoalMenu\03_JAVA\03_Tools\Maven\maven_work\localRepository\org\mockito\mockito-core\3.9.0\mockito-core-3.9.0.jar;D:\1-GoalMenu\03_JAVA\03_Tools\Maven\maven_work\localRepository\net\bytebuddy\byte-buddy-agent\1.10.22\byte-buddy-agent-1.10.22.jar;D:\1-GoalMenu\03_JAVA\03_Tools\Maven\maven_work\localRepository\org\objenesis\objenesis\3.2\objenesis-3.2.jar;D:\1-GoalMenu\03_JAVA\03_Tools\Maven\maven_work\localRepository\org\mockito\mockito-junit-jupiter\3.9.0\mockito-junit-jupiter-3.9.0.jar;D:\1-GoalMenu\03_JAVA\03_Tools\Maven\maven_work\localRepository\org\skyscreamer\jsonassert\1.5.0\jsonassert-1.5.0.jar;D:\1-GoalMenu\03_JAVA\03_Tools\Maven\maven_work\localRepository\com\vaadin\external\google\android-json\0.0.20131108.vaadin1\android-json-0.0.20131108.vaadin1.jar;D:\1-GoalMenu\03_JAVA\03_Tools\Maven\maven_work\localRepository\org\springframework\spring-core\5.3.8\spring-core-5.3.8.jar;D:\1-GoalMenu\03_JAVA\03_Tools\Maven\maven_work\localRepository\org\springframework\spring-jcl\5.3.8\spring-jcl-5.3.8.jar;D:\1-GoalMenu\03_JAVA\03_Tools\Maven\maven_work\localRepository\org\springframework\spring-test\5.3.8\spring-test-5.3.8.jar;D:\1-GoalMenu\03_JAVA\03_Tools\Maven\maven_work\localRepository\org\xmlunit\xmlunit-core\2.8.2\xmlunit-core-2.8.2.jar;"/>
    <property name="sun.cpu.endian" value="little"/>
    <property name="user.home" value="C:\Users\86138"/>
    <property name="user.language" value="zh"/>
    <property name="java.specification.vendor" value="Oracle Corporation"/>
    <property name="java.version.date" value="2020-01-14"/>
    <property name="java.home" value="D:\1-GoalMenu\03_JAVA\03_Tools\JDK11"/>
    <property name="file.separator" value="\"/>
    <property name="basedir" value="D:\1-GoalMenu\03_JAVA\02_Code\08_MyProject\02_Projects\05_VueBoot\05_VueBoot"/>
    <property name="java.vm.compressedOopsMode" value="32-bit"/>
    <property name="line.separator" value="&#10;"/>
    <property name="java.specification.name" value="Java Platform API Specification"/>
    <property name="java.vm.specification.vendor" value="Oracle Corporation"/>
    <property name="java.awt.graphicsenv" value="sun.awt.Win32GraphicsEnvironment"/>
    <property name="surefire.real.class.path" value="C:\Users\86138\AppData\Local\Temp\surefire3410673976314021605\surefirebooter8905668849849758240.jar"/>
    <property name="user.script" value=""/>
    <property name="sun.management.compiler" value="HotSpot 64-Bit Tiered Compilers"/>
    <property name="java.runtime.version" value="11.0.6+8-LTS"/>
    <property name="user.name" value="86138"/>
    <property name="path.separator" value=";"/>
    <property name="os.version" value="10.0"/>
    <property name="java.runtime.name" value="Java(TM) SE Runtime Environment"/>
    <property name="file.encoding" value="GBK"/>
    <property name="java.vm.name" value="Java HotSpot(TM) 64-Bit Server VM"/>
    <property name="java.vendor.version" value="18.9"/>
    <property name="localRepository" value="D:\1-GoalMenu\03_JAVA\03_Tools\Maven\maven_work\localRepository"/>
    <property name="java.vendor.url.bug" value="http://bugreport.java.com/bugreport/"/>
    <property name="java.io.tmpdir" value="C:\Users\86138\AppData\Local\Temp\"/>
    <property name="idea.version" value="2021.1.1"/>
    <property name="java.version" value="11.0.6"/>
    <property name="user.dir" value="D:\1-GoalMenu\03_JAVA\02_Code\08_MyProject\02_Projects\05_VueBoot\05_VueBoot"/>
    <property name="os.arch" value="amd64"/>
    <property name="java.vm.specification.name" value="Java Virtual Machine Specification"/>
    <property name="java.awt.printerjob" value="sun.awt.windows.WPrinterJob"/>
    <property name="sun.os.patch.level" value=""/>
    <property name="java.library.path" value="D:\1-GoalMenu\03_JAVA\03_Tools\JDK11\bin;C:\WINDOWS\Sun\Java\bin;C:\WINDOWS\system32;C:\WINDOWS;C:\WINDOWS\system32;C:\WINDOWS;C:\WINDOWS\System32\Wbem;C:\WINDOWS\System32\WindowsPowerShell\v1.0\;C:\WINDOWS\System32\OpenSSH\;C:\Program Files\Intel\WiFi\bin\;C:\Program Files\Common Files\Intel\WirelessCommon\;\vs2017offline\AndroidSDK_API1921V1,version=1.0.38\platform-tools_r25.0.3-windows\platform-tools;C:\Program Files\Microsoft SQL Server\130\Tools\Binn\;C:\Program Files\Azure Data Studio\bin;D:\1-GoalMenu\03_JAVA\03_Tools\JDK11\bin;D:\1-GoalMenu\03_JAVA\03_Tools\Maven\apache-maven-3.6.3\bin;D:\GIT\Git\cmd;D:\1-GoalMenu\04_MySQL\03_Tools\MySQL\mysql-8.0.23-winx64\bin;D:\1-GoalMenu\07_VScode\MinGW-w64\mingw64\bin;D:\1-GoalMenu\07_VScode\MinGW-w64\mingw64\include;D:\1-GoalMenu\07_VScode\Python3;D:\1-GoalMenu\08_Linux\LxRunOffline\LxRunOffline-v3.5.0-msvc;D:\1-GoalMenu\08_Linux\Xftp7\;D:\1-GoalMenu\08_Linux\Xshell\;D:\1-GoalMenu\03_JAVA\03_Tools\nodeJS\;D:\1-GoalMenu\07_VScode\Python3\Scripts\;D:\1-GoalMenu\07_VScode\Python3\;C:\Users\86138\AppData\Local\Microsoft\WindowsApps;D:\shuzi luoji\modelsim_ase\win32aloem;C:\Program Files\Azure Data Studio\bin;D:\1-GoalMenu\07_VScode\Microsoft VS Code\bin;C:\Program Files\Bandizip\;D:\1-GoalMenu\02_Apps\bandzip\;D:\1-GoalMenu\03_JAVA\03_Tools\nodeJS\NodeNpm\node_global;;."/>
    <property name="java.vendor" value="Oracle Corporation"/>
    <property name="java.vm.info" value="mixed mode"/>
    <property name="java.vm.version" value="11.0.6+8-LTS"/>
    <property name="sun.io.unicode.encoding" value="UnicodeLittle"/>
    <property name="maven.repo.local" value="D:\1-GoalMenu\03_JAVA\03_Tools\Maven\maven_work\localRepository"/>
    <property name="java.class.version" value="55.0"/>
  </properties>
  <testcase name="contextLoads" classname="cuifua.VueBootApplicationTests" time="1.076"/>
</testsuite>